# JRE version: OpenJDK Runtime Environment (17.0.6) (build 17.0.6+0-b2043.56-9586694)
# Java VM: OpenJDK 64-Bit Server VM (17.0.6+0-b2043.56-9586694, mixed mode, tiered, compressed oops, compressed class ptrs, g1 gc, windows-amd64)
GC Precious Log:
 CPUs: 4 total, 4 available
 Memory: 12264M
 Large Page Support: Disabled
 NUMA Support: Disabled
 Compressed Oops: Enabled (32-bit)
 Heap Region Size: 1M
 Heap Min Capacity: 8M
 Heap Initial Capacity: 192M
 Heap Max Capacity: 2G
 Pre-touch: Disabled
 Parallel Workers: 4
 Concurrent Workers: 1
 Concurrent Refinement Workers: 4
 Periodic GC: Disabled
Heap:
 garbage-first heap   total 303104K, used 227509K [0x0000000080000000, 0x0000000100000000)
  region size 1024K, 143 young (146432K), 3 survivors (3072K)
 Metaspace       used 92275K, committed 92928K, reserved 1130496K
  class space    used 12426K, committed 12736K, reserved 1048576K
GC Heap History (20 events):
Event: 32.980 GC heap before
{Heap before GC invocations=41 (full 0):
 garbage-first heap   total 109568K, used 85296K [0x0000000080000000, 0x0000000100000000)
  region size 1024K, 28 young (28672K), 4 survivors (4096K)
 Metaspace       used 77392K, committed 77952K, reserved 1122304K
  class space    used 10502K, committed 10752K, reserved 1048576K
}
Event: 32.990 GC heap after
{Heap after GC invocations=42 (full 0):
 garbage-first heap   total 109568K, used 62442K [0x0000000080000000, 0x0000000100000000)
  region size 1024K, 2 young (2048K), 2 survivors (2048K)
 Metaspace       used 77392K, committed 77952K, reserved 1122304K
  class space    used 10502K, committed 10752K, reserved 1048576K
}
Event: 34.396 GC heap before
{Heap before GC invocations=42 (full 0):
 garbage-first heap   total 109568K, used 89066K [0x0000000080000000, 0x0000000100000000)
  region size 1024K, 28 young (28672K), 2 survivors (2048K)
 Metaspace       used 80870K, committed 81472K, reserved 1122304K
  class space    used 10988K, committed 11264K, reserved 1048576K
}
Event: 34.407 GC heap after
{Heap after GC invocations=43 (full 0):
 garbage-first heap   total 140288K, used 64408K [0x0000000080000000, 0x0000000100000000)
  region size 1024K, 4 young (4096K), 4 survivors (4096K)
 Metaspace       used 80870K, committed 81472K, reserved 1122304K
  class space    used 10988K, committed 11264K, reserved 1048576K
}
Event: 36.193 GC heap before
{Heap before GC invocations=44 (full 0):
 garbage-first heap   total 140288K, used 111512K [0x0000000080000000, 0x0000000100000000)
  region size 1024K, 50 young (51200K), 4 survivors (4096K)
 Metaspace       used 81985K, committed 82624K, reserved 1122304K
  class space    used 11141K, committed 11456K, reserved 1048576K
}
Event: 36.213 GC heap after
{Heap after GC invocations=45 (full 0):
 garbage-first heap   total 140288K, used 71025K [0x0000000080000000, 0x0000000100000000)
  region size 1024K, 7 young (7168K), 7 survivors (7168K)
 Metaspace       used 81985K, committed 82624K, reserved 1122304K
  class space    used 11141K, committed 11456K, reserved 1048576K
}
Event: 39.142 GC heap before
{Heap before GC invocations=45 (full 0):
 garbage-first heap   total 140288K, used 109937K [0x0000000080000000, 0x0000000100000000)
  region size 1024K, 46 young (47104K), 7 survivors (7168K)
 Metaspace       used 84509K, committed 85120K, reserved 1130496K
  class space    used 11588K, committed 11840K, reserved 1048576K
}
Event: 39.163 GC heap after
{Heap after GC invocations=46 (full 0):
 garbage-first heap   total 140288K, used 76296K [0x0000000080000000, 0x0000000100000000)
  region size 1024K, 5 young (5120K), 5 survivors (5120K)
 Metaspace       used 84509K, committed 85120K, reserved 1130496K
  class space    used 11588K, committed 11840K, reserved 1048576K
}
Event: 41.745 GC heap before
{Heap before GC invocations=47 (full 0):
 garbage-first heap   total 142336K, used 112135K [0x0000000080000000, 0x0000000100000000)
  region size 1024K, 41 young (41984K), 5 survivors (5120K)
 Metaspace       used 84825K, committed 85504K, reserved 1130496K
  class space    used 11594K, committed 11904K, reserved 1048576K
}
Event: 41.763 GC heap after
{Heap after GC invocations=48 (full 0):
 garbage-first heap   total 142336K, used 79199K [0x0000000080000000, 0x0000000100000000)
  region size 1024K, 3 young (3072K), 3 survivors (3072K)
 Metaspace       used 84825K, committed 85504K, reserved 1130496K
  class space    used 11594K, committed 11904K, reserved 1048576K
}
Event: 41.848 GC heap before
{Heap before GC invocations=48 (full 0):
 garbage-first heap   total 142336K, used 81247K [0x0000000080000000, 0x0000000100000000)
  region size 1024K, 6 young (6144K), 3 survivors (3072K)
 Metaspace       used 84839K, committed 85504K, reserved 1130496K
  class space    used 11596K, committed 11904K, reserved 1048576K
}
Event: 41.864 GC heap after
{Heap after GC invocations=49 (full 0):
 garbage-first heap   total 142336K, used 79041K [0x0000000080000000, 0x0000000100000000)
  region size 1024K, 1 young (1024K), 1 survivors (1024K)
 Metaspace       used 84839K, committed 85504K, reserved 1130496K
  class space    used 11596K, committed 11904K, reserved 1048576K
}
Event: 42.978 GC heap before
{Heap before GC invocations=49 (full 0):
 garbage-first heap   total 142336K, used 114881K [0x0000000080000000, 0x0000000100000000)
  region size 1024K, 37 young (37888K), 1 survivors (1024K)
 Metaspace       used 85377K, committed 86080K, reserved 1130496K
  class space    used 11630K, committed 11968K, reserved 1048576K
}
Event: 42.988 GC heap after
{Heap after GC invocations=50 (full 0):
 garbage-first heap   total 142336K, used 81317K [0x0000000080000000, 0x0000000100000000)
  region size 1024K, 3 young (3072K), 3 survivors (3072K)
 Metaspace       used 85377K, committed 86080K, reserved 1130496K
  class space    used 11630K, committed 11968K, reserved 1048576K
}
Event: 43.910 GC heap before
{Heap before GC invocations=51 (full 0):
 garbage-first heap   total 155648K, used 116133K [0x0000000080000000, 0x0000000100000000)
  region size 1024K, 38 young (38912K), 3 survivors (3072K)
 Metaspace       used 85658K, committed 86272K, reserved 1130496K
  class space    used 11665K, committed 11968K, reserved 1048576K
}
Event: 43.920 GC heap after
{Heap after GC invocations=52 (full 0):
 garbage-first heap   total 155648K, used 83897K [0x0000000080000000, 0x0000000100000000)
  region size 1024K, 3 young (3072K), 3 survivors (3072K)
 Metaspace       used 85658K, committed 86272K, reserved 1130496K
  class space    used 11665K, committed 11968K, reserved 1048576K
}
Event: 43.964 GC heap before
{Heap before GC invocations=52 (full 0):
 garbage-first heap   total 155648K, used 87993K [0x0000000080000000, 0x0000000100000000)
  region size 1024K, 7 young (7168K), 3 survivors (3072K)
 Metaspace       used 85660K, committed 86272K, reserved 1130496K
  class space    used 11665K, committed 11968K, reserved 1048576K
}
Event: 43.972 GC heap after
{Heap after GC invocations=53 (full 0):
 garbage-first heap   total 155648K, used 83850K [0x0000000080000000, 0x0000000100000000)
  region size 1024K, 1 young (1024K), 1 survivors (1024K)
 Metaspace       used 85660K, committed 86272K, reserved 1130496K
  class space    used 11665K, committed 11968K, reserved 1048576K
}
Event: 44.799 GC heap before
{Heap before GC invocations=53 (full 0):
 garbage-first heap   total 155648K, used 125834K [0x0000000080000000, 0x0000000100000000)
  region size 1024K, 43 young (44032K), 1 survivors (1024K)
 Metaspace       used 85737K, committed 86336K, reserved 1130496K
  class space    used 11670K, committed 11968K, reserved 1048576K
}
Event: 44.808 GC heap after
{Heap after GC invocations=54 (full 0):
 garbage-first heap   total 303104K, used 86197K [0x0000000080000000, 0x0000000100000000)
  region size 1024K, 3 young (3072K), 3 survivors (3072K)
 Metaspace       used 85737K, committed 86336K, reserved 1130496K
  class space    used 11670K, committed 11968K, reserved 1048576K
}

