# JRE version: OpenJDK Runtime Environment (17.0.6) (build 17.0.6+0-b2043.56-9586694)
# Java VM: OpenJDK 64-Bit Server VM (17.0.6+0-b2043.56-9586694, mixed mode, tiered, compressed oops, compressed class ptrs, g1 gc, windows-amd64)
GC Precious Log:
 CPUs: 4 total, 4 available
 Memory: 12264M
 Large Page Support: Disabled
 NUMA Support: Disabled
 Compressed Oops: Enabled (32-bit)
 Heap Region Size: 1M
 Heap Min Capacity: 8M
 Heap Initial Capacity: 192M
 Heap Max Capacity: 2G
 Pre-touch: Disabled
 Parallel Workers: 4
 Concurrent Workers: 1
 Concurrent Refinement Workers: 4
 Periodic GC: Disabled
Heap:
 garbage-first heap   total 490496K, used 281200K [0x0000000080000000, 0x0000000100000000)
  region size 1024K, 6 young (6144K), 6 survivors (6144K)
 Metaspace       used 231499K, committed 232768K, reserved 1253376K
  class space    used 30101K, committed 30720K, reserved 1048576K
GC Heap History (20 events):
Event: 4852.798 GC heap after
{Heap after GC invocations=93 (full 0):
 garbage-first heap   total 490496K, used 275456K [0x0000000080000000, 0x0000000100000000)
  region size 1024K, 2 young (2048K), 2 survivors (2048K)
 Metaspace       used 211042K, committed 212352K, reserved 1236992K
  class space    used 27443K, committed 28160K, reserved 1048576K
}
Event: 4854.768 GC heap before
{Heap before GC invocations=93 (full 0):
 garbage-first heap   total 490496K, used 391168K [0x0000000080000000, 0x0000000100000000)
  region size 1024K, 117 young (119808K), 2 survivors (2048K)
 Metaspace       used 213717K, committed 214912K, reserved 1236992K
  class space    used 27667K, committed 28288K, reserved 1048576K
}
Event: 4854.780 GC heap after
{Heap after GC invocations=94 (full 0):
 garbage-first heap   total 490496K, used 278215K [0x0000000080000000, 0x0000000100000000)
  region size 1024K, 5 young (5120K), 5 survivors (5120K)
 Metaspace       used 213717K, committed 214912K, reserved 1236992K
  class space    used 27667K, committed 28288K, reserved 1048576K
}
Event: 4858.107 GC heap before
{Heap before GC invocations=95 (full 0):
 garbage-first heap   total 490496K, used 402119K [0x0000000080000000, 0x0000000100000000)
  region size 1024K, 130 young (133120K), 5 survivors (5120K)
 Metaspace       used 216243K, committed 217472K, reserved 1245184K
  class space    used 27985K, committed 28544K, reserved 1048576K
}
Event: 4858.130 GC heap after
{Heap after GC invocations=96 (full 0):
 garbage-first heap   total 490496K, used 275898K [0x0000000080000000, 0x0000000100000000)
  region size 1024K, 8 young (8192K), 8 survivors (8192K)
 Metaspace       used 216243K, committed 217472K, reserved 1245184K
  class space    used 27985K, committed 28544K, reserved 1048576K
}
Event: 4858.699 GC heap before
{Heap before GC invocations=96 (full 0):
 garbage-first heap   total 490496K, used 290234K [0x0000000080000000, 0x0000000100000000)
  region size 1024K, 23 young (23552K), 8 survivors (8192K)
 Metaspace       used 216824K, committed 218112K, reserved 1245184K
  class space    used 28060K, committed 28672K, reserved 1048576K
}
Event: 4858.747 GC heap after
{Heap after GC invocations=97 (full 0):
 garbage-first heap   total 490496K, used 250566K [0x0000000080000000, 0x0000000100000000)
  region size 1024K, 3 young (3072K), 3 survivors (3072K)
 Metaspace       used 216824K, committed 218112K, reserved 1245184K
  class space    used 28060K, committed 28672K, reserved 1048576K
}
Event: 4860.832 GC heap before
{Heap before GC invocations=97 (full 0):
 garbage-first heap   total 490496K, used 403142K [0x0000000080000000, 0x0000000100000000)
  region size 1024K, 153 young (156672K), 3 survivors (3072K)
 Metaspace       used 218055K, committed 219264K, reserved 1245184K
  class space    used 28223K, committed 28800K, reserved 1048576K
}
Event: 4860.847 GC heap after
{Heap after GC invocations=98 (full 0):
 garbage-first heap   total 490496K, used 255920K [0x0000000080000000, 0x0000000100000000)
  region size 1024K, 8 young (8192K), 8 survivors (8192K)
 Metaspace       used 218055K, committed 219264K, reserved 1245184K
  class space    used 28223K, committed 28800K, reserved 1048576K
}
Event: 4862.266 GC heap before
{Heap before GC invocations=99 (full 0):
 garbage-first heap   total 490496K, used 409520K [0x0000000080000000, 0x0000000100000000)
  region size 1024K, 157 young (160768K), 8 survivors (8192K)
 Metaspace       used 218505K, committed 219712K, reserved 1245184K
  class space    used 28294K, committed 28864K, reserved 1048576K
}
Event: 4862.282 GC heap after
{Heap after GC invocations=100 (full 0):
 garbage-first heap   total 490496K, used 255281K [0x0000000080000000, 0x0000000100000000)
  region size 1024K, 7 young (7168K), 7 survivors (7168K)
 Metaspace       used 218505K, committed 219712K, reserved 1245184K
  class space    used 28294K, committed 28864K, reserved 1048576K
}
Event: 4862.383 GC heap before
{Heap before GC invocations=100 (full 0):
 garbage-first heap   total 490496K, used 270641K [0x0000000080000000, 0x0000000100000000)
  region size 1024K, 23 young (23552K), 7 survivors (7168K)
 Metaspace       used 218505K, committed 219712K, reserved 1245184K
  class space    used 28294K, committed 28864K, reserved 1048576K
}
Event: 4862.417 GC heap after
{Heap after GC invocations=101 (full 0):
 garbage-first heap   total 490496K, used 252033K [0x0000000080000000, 0x0000000100000000)
  region size 1024K, 1 young (1024K), 1 survivors (1024K)
 Metaspace       used 218505K, committed 219712K, reserved 1245184K
  class space    used 28294K, committed 28864K, reserved 1048576K
}
Event: 4864.106 GC heap before
{Heap before GC invocations=101 (full 0):
 garbage-first heap   total 490496K, used 411776K [0x0000000080000000, 0x0000000100000000)
  region size 1024K, 158 young (161792K), 1 survivors (1024K)
 Metaspace       used 225123K, committed 226304K, reserved 1253376K
  class space    used 29252K, committed 29824K, reserved 1048576K
}
Event: 4864.126 GC heap after
{Heap after GC invocations=102 (full 0):
 garbage-first heap   total 490496K, used 261836K [0x0000000080000000, 0x0000000100000000)
  region size 1024K, 11 young (11264K), 11 survivors (11264K)
 Metaspace       used 225123K, committed 226304K, reserved 1253376K
  class space    used 29252K, committed 29824K, reserved 1048576K
}
Event: 4866.524 GC heap before
{Heap before GC invocations=103 (full 0):
 garbage-first heap   total 490496K, used 411340K [0x0000000080000000, 0x0000000100000000)
  region size 1024K, 158 young (161792K), 11 survivors (11264K)
 Metaspace       used 230258K, committed 231488K, reserved 1253376K
  class space    used 29983K, committed 30592K, reserved 1048576K
}
Event: 4866.575 GC heap after
{Heap after GC invocations=104 (full 0):
 garbage-first heap   total 490496K, used 279212K [0x0000000080000000, 0x0000000100000000)
  region size 1024K, 18 young (18432K), 18 survivors (18432K)
 Metaspace       used 230258K, committed 231488K, reserved 1253376K
  class space    used 29983K, committed 30592K, reserved 1048576K
}
Event: 4866.684 GC heap before
{Heap before GC invocations=104 (full 0):
 garbage-first heap   total 490496K, used 284332K [0x0000000080000000, 0x0000000100000000)
  region size 1024K, 23 young (23552K), 18 survivors (18432K)
 Metaspace       used 230276K, committed 231488K, reserved 1253376K
  class space    used 29983K, committed 30592K, reserved 1048576K
}
Event: 4866.730 GC heap after
{Heap after GC invocations=105 (full 0):
 garbage-first heap   total 490496K, used 277504K [0x0000000080000000, 0x0000000100000000)
  region size 1024K, 2 young (2048K), 2 survivors (2048K)
 Metaspace       used 230276K, committed 231488K, reserved 1253376K
  class space    used 29983K, committed 30592K, reserved 1048576K
}
Event: 4868.683 GC heap before
{Heap before GC invocations=105 (full 0):
 garbage-first heap   total 490496K, used 409600K [0x0000000080000000, 0x0000000100000000)
  region size 1024K, 131 young (134144K), 2 survivors (2048K)
 Metaspace       used 231499K, committed 232768K, reserved 1253376K
  class space    used 30101K, committed 30720K, reserved 1048576K
}

