# JRE version: OpenJDK Runtime Environment (17.0.6) (build 17.0.6+0-b2043.56-9586694)
# Java VM: OpenJDK 64-Bit Server VM (17.0.6+0-b2043.56-9586694, mixed mode, tiered, compressed oops, compressed class ptrs, g1 gc, windows-amd64)
GC Precious Log:
 CPUs: 4 total, 4 available
 Memory: 12264M
 Large Page Support: Disabled
 NUMA Support: Disabled
 Compressed Oops: Enabled (32-bit)
 Heap Region Size: 1M
 Heap Min Capacity: 8M
 Heap Initial Capacity: 192M
 Heap Max Capacity: 2G
 Pre-touch: Disabled
 Parallel Workers: 4
 Concurrent Workers: 1
 Concurrent Refinement Workers: 4
 Periodic GC: Disabled
Heap:
 garbage-first heap   total 198656K, used 131622K [0x0000000080000000, 0x0000000100000000)
  region size 1024K, 14 young (14336K), 3 survivors (3072K)
 Metaspace       used 64952K, committed 65600K, reserved 1105920K
  class space    used 8636K, committed 8960K, reserved 1048576K
GC Heap History (20 events):
Event: 9.383 GC heap before
{Heap before GC invocations=15 (full 0):
 garbage-first heap   total 139264K, used 84824K [0x0000000080000000, 0x0000000100000000)
  region size 1024K, 28 young (28672K), 6 survivors (6144K)
 Metaspace       used 46649K, committed 47040K, reserved 1089536K
  class space    used 6179K, committed 6336K, reserved 1048576K
}
Event: 9.396 GC heap after
{Heap after GC invocations=16 (full 0):
 garbage-first heap   total 139264K, used 66252K [0x0000000080000000, 0x0000000100000000)
  region size 1024K, 3 young (3072K), 3 survivors (3072K)
 Metaspace       used 46649K, committed 47040K, reserved 1089536K
  class space    used 6179K, committed 6336K, reserved 1048576K
}
Event: 9.873 GC heap before
{Heap before GC invocations=17 (full 0):
 garbage-first heap   total 140288K, used 97996K [0x0000000080000000, 0x0000000100000000)
  region size 1024K, 15 young (15360K), 3 survivors (3072K)
 Metaspace       used 47325K, committed 47808K, reserved 1097728K
  class space    used 6262K, committed 6464K, reserved 1048576K
}
Event: 9.881 GC heap after
{Heap after GC invocations=18 (full 0):
 garbage-first heap   total 140288K, used 89804K [0x0000000080000000, 0x0000000100000000)
  region size 1024K, 5 young (5120K), 5 survivors (5120K)
 Metaspace       used 47325K, committed 47808K, reserved 1097728K
  class space    used 6262K, committed 6464K, reserved 1048576K
}
Event: 10.486 GC heap before
{Heap before GC invocations=19 (full 0):
 garbage-first heap   total 155648K, used 110284K [0x0000000080000000, 0x0000000100000000)
  region size 1024K, 24 young (24576K), 5 survivors (5120K)
 Metaspace       used 49154K, committed 49600K, reserved 1097728K
  class space    used 6417K, committed 6592K, reserved 1048576K
}
Event: 10.497 GC heap after
{Heap after GC invocations=20 (full 0):
 garbage-first heap   total 155648K, used 91299K [0x0000000080000000, 0x0000000100000000)
  region size 1024K, 3 young (3072K), 3 survivors (3072K)
 Metaspace       used 49154K, committed 49600K, reserved 1097728K
  class space    used 6417K, committed 6592K, reserved 1048576K
}
Event: 10.933 GC heap before
{Heap before GC invocations=20 (full 0):
 garbage-first heap   total 155648K, used 107683K [0x0000000080000000, 0x0000000100000000)
  region size 1024K, 21 young (21504K), 3 survivors (3072K)
 Metaspace       used 50780K, committed 51264K, reserved 1097728K
  class space    used 6704K, committed 6912K, reserved 1048576K
}
Event: 10.940 GC heap after
{Heap after GC invocations=21 (full 0):
 garbage-first heap   total 155648K, used 93061K [0x0000000080000000, 0x0000000100000000)
  region size 1024K, 2 young (2048K), 2 survivors (2048K)
 Metaspace       used 50780K, committed 51264K, reserved 1097728K
  class space    used 6704K, committed 6912K, reserved 1048576K
}
Event: 11.739 GC heap before
{Heap before GC invocations=22 (full 0):
 garbage-first heap   total 174080K, used 125829K [0x0000000080000000, 0x0000000100000000)
  region size 1024K, 27 young (27648K), 2 survivors (2048K)
 Metaspace       used 53695K, committed 54208K, reserved 1097728K
  class space    used 7181K, committed 7424K, reserved 1048576K
}
Event: 11.751 GC heap after
{Heap after GC invocations=23 (full 0):
 garbage-first heap   total 174080K, used 101840K [0x0000000080000000, 0x0000000100000000)
  region size 1024K, 4 young (4096K), 4 survivors (4096K)
 Metaspace       used 53695K, committed 54208K, reserved 1097728K
  class space    used 7181K, committed 7424K, reserved 1048576K
}
Event: 12.517 GC heap before
{Heap before GC invocations=23 (full 0):
 garbage-first heap   total 174080K, used 125392K [0x0000000080000000, 0x0000000100000000)
  region size 1024K, 29 young (29696K), 4 survivors (4096K)
 Metaspace       used 54660K, committed 55232K, reserved 1097728K
  class space    used 7268K, committed 7552K, reserved 1048576K
}
Event: 12.525 GC heap after
{Heap after GC invocations=24 (full 0):
 garbage-first heap   total 174080K, used 103874K [0x0000000080000000, 0x0000000100000000)
  region size 1024K, 4 young (4096K), 4 survivors (4096K)
 Metaspace       used 54660K, committed 55232K, reserved 1097728K
  class space    used 7268K, committed 7552K, reserved 1048576K
}
Event: 12.667 GC heap before
{Heap before GC invocations=25 (full 0):
 garbage-first heap   total 186368K, used 112066K [0x0000000080000000, 0x0000000100000000)
  region size 1024K, 12 young (12288K), 4 survivors (4096K)
 Metaspace       used 55003K, committed 55616K, reserved 1097728K
  class space    used 7326K, committed 7616K, reserved 1048576K
}
Event: 12.674 GC heap after
{Heap after GC invocations=26 (full 0):
 garbage-first heap   total 186368K, used 110253K [0x0000000080000000, 0x0000000100000000)
  region size 1024K, 5 young (5120K), 5 survivors (5120K)
 Metaspace       used 55003K, committed 55616K, reserved 1097728K
  class space    used 7326K, committed 7616K, reserved 1048576K
}
Event: 13.241 GC heap before
{Heap before GC invocations=27 (full 0):
 garbage-first heap   total 194560K, used 137901K [0x0000000080000000, 0x0000000100000000)
  region size 1024K, 31 young (31744K), 5 survivors (5120K)
 Metaspace       used 58285K, committed 58880K, reserved 1105920K
  class space    used 7789K, committed 8064K, reserved 1048576K
}
Event: 13.249 GC heap after
{Heap after GC invocations=28 (full 0):
 garbage-first heap   total 194560K, used 112753K [0x0000000080000000, 0x0000000100000000)
  region size 1024K, 3 young (3072K), 3 survivors (3072K)
 Metaspace       used 58285K, committed 58880K, reserved 1105920K
  class space    used 7789K, committed 8064K, reserved 1048576K
}
Event: 14.414 GC heap before
{Heap before GC invocations=28 (full 0):
 garbage-first heap   total 194560K, used 142449K [0x0000000080000000, 0x0000000100000000)
  region size 1024K, 32 young (32768K), 3 survivors (3072K)
 Metaspace       used 63421K, committed 64064K, reserved 1105920K
  class space    used 8462K, committed 8768K, reserved 1048576K
}
Event: 14.420 GC heap after
{Heap after GC invocations=29 (full 0):
 garbage-first heap   total 194560K, used 114171K [0x0000000080000000, 0x0000000100000000)
  region size 1024K, 2 young (2048K), 2 survivors (2048K)
 Metaspace       used 63421K, committed 64064K, reserved 1105920K
  class space    used 8462K, committed 8768K, reserved 1048576K
}
Event: 14.684 GC heap before
{Heap before GC invocations=30 (full 0):
 garbage-first heap   total 198656K, used 119291K [0x0000000080000000, 0x0000000100000000)
  region size 1024K, 8 young (8192K), 2 survivors (2048K)
 Metaspace       used 64947K, committed 65600K, reserved 1105920K
  class space    used 8636K, committed 8960K, reserved 1048576K
}
Event: 14.691 GC heap after
{Heap after GC invocations=31 (full 0):
 garbage-first heap   total 198656K, used 115238K [0x0000000080000000, 0x0000000100000000)
  region size 1024K, 3 young (3072K), 3 survivors (3072K)
 Metaspace       used 64947K, committed 65600K, reserved 1105920K
  class space    used 8636K, committed 8960K, reserved 1048576K
}

