# JRE version: OpenJDK Runtime Environment (17.0.6) (build 17.0.6+0-b2043.56-9586694)
# Java VM: OpenJDK 64-Bit Server VM (17.0.6+0-b2043.56-9586694, mixed mode, tiered, compressed oops, compressed class ptrs, g1 gc, windows-amd64)
GC Precious Log:
 CPUs: 4 total, 4 available
 Memory: 12264M
 Large Page Support: Disabled
 NUMA Support: Disabled
 Compressed Oops: Enabled (32-bit)
 Heap Region Size: 1M
 Heap Min Capacity: 8M
 Heap Initial Capacity: 192M
 Heap Max Capacity: 2G
 Pre-touch: Disabled
 Parallel Workers: 4
 Concurrent Workers: 1
 Concurrent Refinement Workers: 4
 Periodic GC: Disabled
Heap:
 garbage-first heap   total 201728K, used 138021K [0x0000000080000000, 0x0000000100000000)
  region size 1024K, 84 young (86016K), 3 survivors (3072K)
 Metaspace       used 75561K, committed 76160K, reserved 1122304K
  class space    used 10225K, committed 10496K, reserved 1048576K
GC Heap History (20 events):
Event: 11.885 GC heap before
{Heap before GC invocations=20 (full 0):
 garbage-first heap   total 82944K, used 59184K [0x0000000080000000, 0x0000000100000000)
  region size 1024K, 15 young (15360K), 1 survivors (1024K)
 Metaspace       used 57862K, committed 58432K, reserved 1105920K
  class space    used 7624K, committed 7872K, reserved 1048576K
}
Event: 11.888 GC heap after
{Heap after GC invocations=21 (full 0):
 garbage-first heap   total 82944K, used 45178K [0x0000000080000000, 0x0000000100000000)
  region size 1024K, 1 young (1024K), 1 survivors (1024K)
 Metaspace       used 57862K, committed 58432K, reserved 1105920K
  class space    used 7624K, committed 7872K, reserved 1048576K
}
Event: 12.419 GC heap before
{Heap before GC invocations=21 (full 0):
 garbage-first heap   total 82944K, used 59514K [0x0000000080000000, 0x0000000100000000)
  region size 1024K, 16 young (16384K), 1 survivors (1024K)
 Metaspace       used 60516K, committed 61056K, reserved 1105920K
  class space    used 8013K, committed 8256K, reserved 1048576K
}
Event: 12.424 GC heap after
{Heap after GC invocations=22 (full 0):
 garbage-first heap   total 82944K, used 46080K [0x0000000080000000, 0x0000000100000000)
  region size 1024K, 2 young (2048K), 2 survivors (2048K)
 Metaspace       used 60516K, committed 61056K, reserved 1105920K
  class space    used 8013K, committed 8256K, reserved 1048576K
}
Event: 12.795 GC heap before
{Heap before GC invocations=23 (full 0):
 garbage-first heap   total 83968K, used 66560K [0x0000000080000000, 0x0000000100000000)
  region size 1024K, 18 young (18432K), 2 survivors (2048K)
 Metaspace       used 62511K, committed 63040K, reserved 1105920K
  class space    used 8255K, committed 8448K, reserved 1048576K
}
Event: 12.803 GC heap after
{Heap after GC invocations=24 (full 0):
 garbage-first heap   total 83968K, used 53552K [0x0000000080000000, 0x0000000100000000)
  region size 1024K, 3 young (3072K), 3 survivors (3072K)
 Metaspace       used 62511K, committed 63040K, reserved 1105920K
  class space    used 8255K, committed 8448K, reserved 1048576K
}
Event: 12.807 GC heap before
{Heap before GC invocations=24 (full 0):
 garbage-first heap   total 83968K, used 54576K [0x0000000080000000, 0x0000000100000000)
  region size 1024K, 4 young (4096K), 3 survivors (3072K)
 Metaspace       used 62511K, committed 63040K, reserved 1105920K
  class space    used 8255K, committed 8448K, reserved 1048576K
}
Event: 12.814 GC heap after
{Heap after GC invocations=25 (full 0):
 garbage-first heap   total 101376K, used 54628K [0x0000000080000000, 0x0000000100000000)
  region size 1024K, 1 young (1024K), 1 survivors (1024K)
 Metaspace       used 62511K, committed 63040K, reserved 1105920K
  class space    used 8255K, committed 8448K, reserved 1048576K
}
Event: 12.854 GC heap before
{Heap before GC invocations=25 (full 0):
 garbage-first heap   total 101376K, used 55652K [0x0000000080000000, 0x0000000100000000)
  region size 1024K, 3 young (3072K), 1 survivors (1024K)
 Metaspace       used 62517K, committed 63040K, reserved 1105920K
  class space    used 8255K, committed 8448K, reserved 1048576K
}
Event: 12.857 GC heap after
{Heap after GC invocations=26 (full 0):
 garbage-first heap   total 101376K, used 55168K [0x0000000080000000, 0x0000000100000000)
  region size 1024K, 2 young (2048K), 2 survivors (2048K)
 Metaspace       used 62517K, committed 63040K, reserved 1105920K
  class space    used 8255K, committed 8448K, reserved 1048576K
}
Event: 13.293 GC heap before
{Heap before GC invocations=27 (full 0):
 garbage-first heap   total 104448K, used 72576K [0x0000000080000000, 0x0000000100000000)
  region size 1024K, 17 young (17408K), 2 survivors (2048K)
 Metaspace       used 64168K, committed 64640K, reserved 1105920K
  class space    used 8458K, committed 8640K, reserved 1048576K
}
Event: 13.298 GC heap after
{Heap after GC invocations=28 (full 0):
 garbage-first heap   total 104448K, used 56108K [0x0000000080000000, 0x0000000100000000)
  region size 1024K, 2 young (2048K), 2 survivors (2048K)
 Metaspace       used 64168K, committed 64640K, reserved 1105920K
  class space    used 8458K, committed 8640K, reserved 1048576K
}
Event: 13.861 GC heap before
{Heap before GC invocations=28 (full 0):
 garbage-first heap   total 104448K, used 73516K [0x0000000080000000, 0x0000000100000000)
  region size 1024K, 19 young (19456K), 2 survivors (2048K)
 Metaspace       used 65318K, committed 65856K, reserved 1114112K
  class space    used 8604K, committed 8832K, reserved 1048576K
}
Event: 13.870 GC heap after
{Heap after GC invocations=29 (full 0):
 garbage-first heap   total 104448K, used 57749K [0x0000000080000000, 0x0000000100000000)
  region size 1024K, 3 young (3072K), 3 survivors (3072K)
 Metaspace       used 65318K, committed 65856K, reserved 1114112K
  class space    used 8604K, committed 8832K, reserved 1048576K
}
Event: 14.575 GC heap before
{Heap before GC invocations=30 (full 0):
 garbage-first heap   total 104448K, used 74133K [0x0000000080000000, 0x0000000100000000)
  region size 1024K, 21 young (21504K), 3 survivors (3072K)
 Metaspace       used 67222K, committed 67776K, reserved 1114112K
  class space    used 8831K, committed 9088K, reserved 1048576K
}
Event: 14.584 GC heap after
{Heap after GC invocations=31 (full 0):
 garbage-first heap   total 104448K, used 55490K [0x0000000080000000, 0x0000000100000000)
  region size 1024K, 2 young (2048K), 2 survivors (2048K)
 Metaspace       used 67222K, committed 67776K, reserved 1114112K
  class space    used 8831K, committed 9088K, reserved 1048576K
}
Event: 14.658 GC heap before
{Heap before GC invocations=31 (full 0):
 garbage-first heap   total 104448K, used 58562K [0x0000000080000000, 0x0000000100000000)
  region size 1024K, 5 young (5120K), 2 survivors (2048K)
 Metaspace       used 67483K, committed 68032K, reserved 1114112K
  class space    used 8884K, committed 9152K, reserved 1048576K
}
Event: 14.664 GC heap after
{Heap after GC invocations=32 (full 0):
 garbage-first heap   total 104448K, used 54169K [0x0000000080000000, 0x0000000100000000)
  region size 1024K, 1 young (1024K), 1 survivors (1024K)
 Metaspace       used 67483K, committed 68032K, reserved 1114112K
  class space    used 8884K, committed 9152K, reserved 1048576K
}
Event: 15.051 GC heap before
{Heap before GC invocations=32 (full 0):
 garbage-first heap   total 104448K, used 76697K [0x0000000080000000, 0x0000000100000000)
  region size 1024K, 23 young (23552K), 1 survivors (1024K)
 Metaspace       used 67672K, committed 68160K, reserved 1114112K
  class space    used 8920K, committed 9152K, reserved 1048576K
}
Event: 15.059 GC heap after
{Heap after GC invocations=33 (full 0):
 garbage-first heap   total 258048K, used 56101K [0x0000000080000000, 0x0000000100000000)
  region size 1024K, 3 young (3072K), 3 survivors (3072K)
 Metaspace       used 67672K, committed 68160K, reserved 1114112K
  class space    used 8920K, committed 9152K, reserved 1048576K
}

