# JRE version: OpenJDK Runtime Environment (17.0.6) (build 17.0.6+0-b2043.56-9586694)
# Java VM: OpenJDK 64-Bit Server VM (17.0.6+0-b2043.56-9586694, mixed mode, tiered, compressed oops, compressed class ptrs, g1 gc, windows-amd64)
GC Precious Log:
 CPUs: 4 total, 4 available
 Memory: 12264M
 Large Page Support: Disabled
 NUMA Support: Disabled
 Compressed Oops: Enabled (32-bit)
 Heap Region Size: 1M
 Heap Min Capacity: 8M
 Heap Initial Capacity: 192M
 Heap Max Capacity: 2G
 Pre-touch: Disabled
 Parallel Workers: 4
 Concurrent Workers: 1
 Concurrent Refinement Workers: 4
 Periodic GC: Disabled
Heap:
 garbage-first heap   total 196608K, used 100817K [0x0000000080000000, 0x0000000100000000)
  region size 1024K, 3 young (3072K), 3 survivors (3072K)
 Metaspace       used 97679K, committed 98368K, reserved 1138688K
  class space    used 13154K, committed 13504K, reserved 1048576K
GC Heap History (20 events):
Event: 13.614 GC heap after
{Heap after GC invocations=25 (full 0):
 garbage-first heap   total 194560K, used 58937K [0x0000000080000000, 0x0000000100000000)
  region size 1024K, 10 young (10240K), 10 survivors (10240K)
 Metaspace       used 73868K, committed 74496K, reserved 1114112K
  class space    used 10005K, committed 10304K, reserved 1048576K
}
Event: 13.667 GC heap before
{Heap before GC invocations=25 (full 0):
 garbage-first heap   total 194560K, used 59961K [0x0000000080000000, 0x0000000100000000)
  region size 1024K, 11 young (11264K), 10 survivors (10240K)
 Metaspace       used 73928K, committed 74560K, reserved 1114112K
  class space    used 10005K, committed 10304K, reserved 1048576K
}
Event: 13.684 GC heap after
{Heap after GC invocations=26 (full 0):
 garbage-first heap   total 194560K, used 60246K [0x0000000080000000, 0x0000000100000000)
  region size 1024K, 2 young (2048K), 2 survivors (2048K)
 Metaspace       used 73928K, committed 74560K, reserved 1114112K
  class space    used 10005K, committed 10304K, reserved 1048576K
}
Event: 15.407 GC heap before
{Heap before GC invocations=26 (full 0):
 garbage-first heap   total 194560K, used 143190K [0x0000000080000000, 0x0000000100000000)
  region size 1024K, 83 young (84992K), 2 survivors (2048K)
 Metaspace       used 81846K, committed 82496K, reserved 1122304K
  class space    used 11145K, committed 11456K, reserved 1048576K
}
Event: 15.426 GC heap after
{Heap after GC invocations=27 (full 0):
 garbage-first heap   total 194560K, used 66677K [0x0000000080000000, 0x0000000100000000)
  region size 1024K, 8 young (8192K), 8 survivors (8192K)
 Metaspace       used 81846K, committed 82496K, reserved 1122304K
  class space    used 11145K, committed 11456K, reserved 1048576K
}
Event: 16.964 GC heap before
{Heap before GC invocations=27 (full 0):
 garbage-first heap   total 194560K, used 146549K [0x0000000080000000, 0x0000000100000000)
  region size 1024K, 87 young (89088K), 8 survivors (8192K)
 Metaspace       used 84488K, committed 85120K, reserved 1122304K
  class space    used 11605K, committed 11904K, reserved 1048576K
}
Event: 16.992 GC heap after
{Heap after GC invocations=28 (full 0):
 garbage-first heap   total 194560K, used 76760K [0x0000000080000000, 0x0000000100000000)
  region size 1024K, 10 young (10240K), 10 survivors (10240K)
 Metaspace       used 84488K, committed 85120K, reserved 1122304K
  class space    used 11605K, committed 11904K, reserved 1048576K
}
Event: 18.729 GC heap before
{Heap before GC invocations=28 (full 0):
 garbage-first heap   total 194560K, used 149464K [0x0000000080000000, 0x0000000100000000)
  region size 1024K, 82 young (83968K), 10 survivors (10240K)
 Metaspace       used 85296K, committed 85888K, reserved 1130496K
  class space    used 11644K, committed 11904K, reserved 1048576K
}
Event: 18.750 GC heap after
{Heap after GC invocations=29 (full 0):
 garbage-first heap   total 194560K, used 82358K [0x0000000080000000, 0x0000000100000000)
  region size 1024K, 6 young (6144K), 6 survivors (6144K)
 Metaspace       used 85296K, committed 85888K, reserved 1130496K
  class space    used 11644K, committed 11904K, reserved 1048576K
}
Event: 20.006 GC heap before
{Heap before GC invocations=29 (full 0):
 garbage-first heap   total 194560K, used 153014K [0x0000000080000000, 0x0000000100000000)
  region size 1024K, 76 young (77824K), 6 survivors (6144K)
 Metaspace       used 85646K, committed 86272K, reserved 1130496K
  class space    used 11688K, committed 11968K, reserved 1048576K
}
Event: 20.022 GC heap after
{Heap after GC invocations=30 (full 0):
 garbage-first heap   total 194560K, used 86476K [0x0000000080000000, 0x0000000100000000)
  region size 1024K, 10 young (10240K), 10 survivors (10240K)
 Metaspace       used 85646K, committed 86272K, reserved 1130496K
  class space    used 11688K, committed 11968K, reserved 1048576K
}
Event: 21.655 GC heap before
{Heap before GC invocations=30 (full 0):
 garbage-first heap   total 194560K, used 155084K [0x0000000080000000, 0x0000000100000000)
  region size 1024K, 78 young (79872K), 10 survivors (10240K)
 Metaspace       used 91539K, committed 92224K, reserved 1130496K
  class space    used 12432K, committed 12736K, reserved 1048576K
}
Event: 21.680 GC heap after
{Heap after GC invocations=31 (full 0):
 garbage-first heap   total 194560K, used 91876K [0x0000000080000000, 0x0000000100000000)
  region size 1024K, 10 young (10240K), 10 survivors (10240K)
 Metaspace       used 91539K, committed 92224K, reserved 1130496K
  class space    used 12432K, committed 12736K, reserved 1048576K
}
Event: 21.920 GC heap before
{Heap before GC invocations=31 (full 0):
 garbage-first heap   total 194560K, used 96996K [0x0000000080000000, 0x0000000100000000)
  region size 1024K, 16 young (16384K), 10 survivors (10240K)
 Metaspace       used 92783K, committed 93440K, reserved 1130496K
  class space    used 12595K, committed 12864K, reserved 1048576K
}
Event: 21.934 GC heap after
{Heap after GC invocations=32 (full 0):
 garbage-first heap   total 194560K, used 93402K [0x0000000080000000, 0x0000000100000000)
  region size 1024K, 2 young (2048K), 2 survivors (2048K)
 Metaspace       used 92783K, committed 93440K, reserved 1130496K
  class space    used 12595K, committed 12864K, reserved 1048576K
}
Event: 196.518 GC heap before
{Heap before GC invocations=33 (full 0):
 garbage-first heap   total 196608K, used 184538K [0x0000000080000000, 0x0000000100000000)
  region size 1024K, 63 young (64512K), 2 survivors (2048K)
 Metaspace       used 94655K, committed 95360K, reserved 1138688K
  class space    used 12795K, committed 13120K, reserved 1048576K
}
Event: 196.533 GC heap after
{Heap after GC invocations=34 (full 0):
 garbage-first heap   total 196608K, used 98573K [0x0000000080000000, 0x0000000100000000)
  region size 1024K, 7 young (7168K), 7 survivors (7168K)
 Metaspace       used 94655K, committed 95360K, reserved 1138688K
  class space    used 12795K, committed 13120K, reserved 1048576K
}
Event: 196.573 GC heap before
{Heap before GC invocations=34 (full 0):
 garbage-first heap   total 196608K, used 100621K [0x0000000080000000, 0x0000000100000000)
  region size 1024K, 9 young (9216K), 7 survivors (7168K)
 Metaspace       used 94661K, committed 95360K, reserved 1138688K
  class space    used 12795K, committed 13120K, reserved 1048576K
}
Event: 196.588 GC heap after
{Heap after GC invocations=35 (full 0):
 garbage-first heap   total 196608K, used 99130K [0x0000000080000000, 0x0000000100000000)
  region size 1024K, 1 young (1024K), 1 survivors (1024K)
 Metaspace       used 94661K, committed 95360K, reserved 1138688K
  class space    used 12795K, committed 13120K, reserved 1048576K
}
Event: 198.428 GC heap before
{Heap before GC invocations=35 (full 0):
 garbage-first heap   total 196608K, used 158522K [0x0000000080000000, 0x0000000100000000)
  region size 1024K, 60 young (61440K), 1 survivors (1024K)
 Metaspace       used 97679K, committed 98368K, reserved 1138688K
  class space    used 13154K, committed 13504K, reserved 1048576K
}

